{
  "RSpec": {
    "coverage": {
      "C:/Users/stuar/Documents/Projects/bowling-scorecard/spec/game_spec.rb": {
        "lines": [
          1,
          null,
          1,
          1,
          1,
          1,
          1,
          null,
          1,
          10,
          null,
          null,
          1,
          null,
          null,
          null,
          1,
          1,
          1,
          null,
          1,
          9,
          null,
          null,
          1,
          null,
          1,
          null,
          null,
          null,
          1,
          1,
          1,
          null,
          1,
          9,
          null,
          null,
          1,
          null,
          1,
          null,
          null,
          null,
          null
        ]
      },
      "C:/Users/stuar/Documents/Projects/bowling-scorecard/lib/game.rb": {
        "lines": [
          1,
          null,
          1,
          null,
          1,
          3,
          3,
          3,
          null,
          null,
          1,
          30,
          30,
          30,
          null,
          null,
          1,
          30,
          3,
          null,
          27,
          27,
          27,
          27,
          135,
          45,
          90,
          45,
          null,
          45,
          null,
          135,
          135,
          null,
          null,
          null,
          null,
          1,
          3,
          3,
          8,
          1,
          null,
          3,
          null,
          null,
          1,
          30,
          null,
          30,
          57,
          null,
          null,
          null
        ]
      }
    },
    "timestamp": 1617384809
  }
}
